[2022-08-20 19:57:20] [INFO ] [OdontologoH2:29] Se dio de alta el odontologoTomas
[2022-08-20 19:58:37] [INFO ] [OdontologoH2:73] Se encontro al odontologo: 1
[2022-08-20 19:59:16] [INFO ] [OdontologoH2:29] Se dio de alta el odontologoTomas
[2022-08-20 19:59:16] [INFO ] [OdontologoH2:73] Se encontro al odontologo: 1
[2022-08-20 20:01:52] [INFO ] [OdontologoH2:51] Se elimino el odontologo cual matricula es: 1
[2022-08-20 20:01:52] [INFO ] [OdontologoH2:73] Se encontro al odontologo: 1
[2022-08-20 20:01:52] [INFO ] [OdontologoH2:73] Se encontro al odontologo: 1
[2022-08-20 20:04:01] [INFO ] [OdontologoH2:51] Se elimino el odontologo cual matricula es: 1
[2022-08-20 20:05:56] [INFO ] [OdontologoH2:51] Se elimino el odontologo cual matricula es: 1
[2022-08-20 20:05:56] [INFO ] [OdontologoH2:51] Se elimino el odontologo cual matricula es: 2
[2022-08-20 20:05:56] [INFO ] [OdontologoH2:73] Se encontro al odontologo: 1
[2022-08-20 20:05:56] [INFO ] [OdontologoH2:73] Se encontro al odontologo: 2
[2022-08-20 20:06:09] [INFO ] [OdontologoH2:51] Se elimino el odontologo cual matricula es: 1
[2022-08-20 20:06:30] [INFO ] [OdontologoH2:51] Se elimino el odontologo cual matricula es: 1
[2022-08-20 20:06:30] [INFO ] [OdontologoH2:98] Lista de odontologos
[2022-08-20 20:06:30] [INFO ] [OdontologoH2:98] Lista de odontologos
[2022-08-20 20:07:08] [INFO ] [OdontologoH2:51] Se elimino el odontologo cual matricula es: 1
[2022-08-20 20:07:08] [INFO ] [OdontologoH2:98] Lista de odontologos
[2022-08-20 20:11:51] [INFO ] [OdontologoH2:51] Se elimino el odontologo cual matricula es: 1
[2022-08-20 20:11:51] [INFO ] [OdontologoH2:29] Se dio de alta el odontologoTomas
[2022-08-20 20:11:51] [INFO ] [OdontologoH2:29] Se dio de alta el odontologotomi
[2022-08-20 20:11:51] [INFO ] [OdontologoH2:98] Lista de odontologos
[2022-08-20 20:12:38] [INFO ] [OdontologoH2:51] Se elimino el odontologo cual matricula es: 1
[2022-08-20 20:12:38] [INFO ] [OdontologoH2:98] Lista de odontologos
[2022-08-20 20:12:38] [INFO ] [OdontologoH2:98] Lista de odontologos
[2022-08-20 20:13:02] [INFO ] [OdontologoH2:51] Se elimino el odontologo cual matricula es: 1
[2022-08-20 20:13:02] [INFO ] [OdontologoH2:29] Se dio de alta el odontologoTomas
[2022-08-20 20:13:02] [INFO ] [OdontologoH2:98] Lista de odontologos
[2022-08-20 20:13:02] [INFO ] [OdontologoH2:98] Lista de odontologos
[2022-08-20 20:13:14] [INFO ] [OdontologoH2:51] Se elimino el odontologo cual matricula es: 1
[2022-08-20 20:13:14] [INFO ] [OdontologoH2:51] Se elimino el odontologo cual matricula es: 2
[2022-08-20 20:13:14] [INFO ] [OdontologoH2:29] Se dio de alta el odontologoTomas
[2022-08-20 20:13:14] [INFO ] [OdontologoH2:29] Se dio de alta el odontologotomi
[2022-08-20 20:13:14] [INFO ] [OdontologoH2:98] Lista de odontologos
[2022-08-20 20:13:14] [INFO ] [OdontologoH2:98] Lista de odontologos
[2022-08-20 20:13:50] [INFO ] [OdontologoH2:51] Se elimino el odontologo cual matricula es: 1
[2022-08-20 20:13:51] [INFO ] [OdontologoH2:73] Se encontro al odontologo: 1
[2022-08-20 20:13:51] [INFO ] [OdontologoH2:73] Se encontro al odontologo: 1
[2022-08-20 20:14:13] [INFO ] [OdontologoH2:51] Se elimino el odontologo cual matricula es: 1
[2022-08-20 20:14:13] [INFO ] [OdontologoH2:29] Se dio de alta el odontologoTomas
[2022-08-20 20:14:13] [INFO ] [OdontologoH2:73] Se encontro al odontologo: 1
[2022-08-20 20:14:13] [INFO ] [OdontologoH2:73] Se encontro al odontologo: 1
[2022-08-20 20:14:52] [INFO ] [OdontologoH2:51] Se elimino el odontologo cual matricula es: 1
[2022-08-20 20:14:52] [INFO ] [OdontologoH2:29] Se dio de alta el odontologoTomas
[2022-08-20 20:14:52] [INFO ] [OdontologoH2:73] Se encontro al odontologo: 1
[2022-08-20 20:15:02] [INFO ] [OdontologoH2:73] Se encontro al odontologo: 1
[2022-08-20 20:15:20] [INFO ] [OdontologoH2:51] Se elimino el odontologo cual matricula es: 1
[2022-08-20 20:15:20] [INFO ] [OdontologoH2:29] Se dio de alta el odontologoTomas
[2022-08-20 20:15:23] [INFO ] [OdontologoH2:51] Se elimino el odontologo cual matricula es: 1
[2022-08-20 20:15:23] [INFO ] [OdontologoH2:29] Se dio de alta el odontologoTomas
[2022-08-20 20:15:23] [INFO ] [OdontologoH2:51] Se elimino el odontologo cual matricula es: 1
[2022-08-20 20:15:23] [INFO ] [OdontologoH2:51] Se elimino el odontologo cual matricula es: 2
[2022-08-20 20:15:23] [INFO ] [OdontologoH2:73] Se encontro al odontologo: 1
[2022-08-20 20:15:23] [INFO ] [OdontologoH2:73] Se encontro al odontologo: 2
[2022-08-20 20:15:23] [INFO ] [OdontologoH2:51] Se elimino el odontologo cual matricula es: 1
[2022-08-20 20:15:23] [INFO ] [OdontologoH2:29] Se dio de alta el odontologoTomas
[2022-08-20 20:15:23] [INFO ] [OdontologoH2:73] Se encontro al odontologo: 1
[2022-08-20 20:15:23] [INFO ] [OdontologoH2:51] Se elimino el odontologo cual matricula es: 1
[2022-08-20 20:15:23] [INFO ] [OdontologoH2:51] Se elimino el odontologo cual matricula es: 2
[2022-08-20 20:15:23] [INFO ] [OdontologoH2:29] Se dio de alta el odontologoTomas
[2022-08-20 20:15:23] [INFO ] [OdontologoH2:29] Se dio de alta el odontologotomi
[2022-08-20 20:15:23] [INFO ] [OdontologoH2:98] Lista de odontologos
[2022-08-20 20:15:23] [INFO ] [OdontologoH2:98] Lista de odontologos
