[2022-08-20 15:50:12] [INFO ] [OdontologoH2:56] Se elimino el odontologo cual matricula es: A123
[2022-08-20 15:50:12] [INFO ] [OdontologoH2:78] Se esta buscando al odontologo cual matricula es: A123
[2022-08-20 15:50:12] [INFO ] [OdontologoH2:35] Se guardo el Odontologo: ivan
[2022-08-20 15:50:12] [INFO ] [OdontologoH2:78] Se esta buscando al odontologo cual matricula es: A123
[2022-08-20 15:50:12] [INFO ] [OdontologoH2:78] Se esta buscando al odontologo cual matricula es: A123
[2022-08-20 15:50:12] [INFO ] [OdontologoH2:56] Se elimino el odontologo cual matricula es: A123
[2022-08-20 15:50:12] [INFO ] [OdontologoH2:56] Se elimino el odontologo cual matricula es: B123
[2022-08-20 15:50:12] [INFO ] [OdontologoH2:56] Se elimino el odontologo cual matricula es: C123
[2022-08-20 15:50:12] [INFO ] [OdontologoH2:56] Se elimino el odontologo cual matricula es: D123
[2022-08-20 15:50:12] [INFO ] [OdontologoH2:35] Se guardo el Odontologo: ivan
[2022-08-20 15:50:12] [INFO ] [OdontologoH2:35] Se guardo el Odontologo: ivan2
[2022-08-20 15:50:12] [INFO ] [OdontologoH2:116] Se estan por mostrar todos los odontologos
[2022-08-20 15:52:57] [INFO ] [OdontologoH2:56] Se elimino el odontologo cual matricula es: A123
[2022-08-20 15:52:57] [INFO ] [OdontologoH2:78] Se esta buscando al odontologo cual matricula es: A123
[2022-08-20 15:52:57] [INFO ] [OdontologoH2:35] Se guardo el Odontologo: ivan
[2022-08-20 15:52:57] [INFO ] [OdontologoH2:78] Se esta buscando al odontologo cual matricula es: A123
[2022-08-20 15:52:57] [INFO ] [OdontologoH2:78] Se esta buscando al odontologo cual matricula es: A123
[2022-08-20 15:52:57] [INFO ] [OdontologoH2:56] Se elimino el odontologo cual matricula es: A123
[2022-08-20 15:52:57] [INFO ] [OdontologoH2:56] Se elimino el odontologo cual matricula es: B123
[2022-08-20 15:52:57] [INFO ] [OdontologoH2:56] Se elimino el odontologo cual matricula es: C123
[2022-08-20 15:52:57] [INFO ] [OdontologoH2:56] Se elimino el odontologo cual matricula es: D123
[2022-08-20 15:52:57] [INFO ] [OdontologoH2:35] Se guardo el Odontologo: ivan
[2022-08-20 15:52:57] [INFO ] [OdontologoH2:35] Se guardo el Odontologo: ivan2
[2022-08-20 15:52:57] [INFO ] [OdontologoH2:116] Se estan por mostrar todos los odontologos
[2022-08-20 15:53:04] [INFO ] [OdontologoH2:78] Se esta buscando al odontologo cual matricula es: A123
[2022-08-20 15:53:09] [INFO ] [OdontologoH2:35] Se guardo el Odontologo: ivan
[2022-08-20 15:53:09] [INFO ] [OdontologoH2:78] Se esta buscando al odontologo cual matricula es: A123
[2022-08-20 15:53:12] [INFO ] [OdontologoH2:78] Se esta buscando al odontologo cual matricula es: A123
[2022-08-20 15:53:36] [INFO ] [OdontologoH2:56] Se elimino el odontologo cual matricula es: A123
[2022-08-20 15:53:36] [INFO ] [OdontologoH2:56] Se elimino el odontologo cual matricula es: B123
[2022-08-20 15:54:05] [INFO ] [OdontologoH2:35] Se guardo el Odontologo: ivan
[2022-08-20 15:54:05] [INFO ] [OdontologoH2:35] Se guardo el Odontologo: ivan
[2022-08-20 15:54:20] [INFO ] [OdontologoH2:78] Se esta buscando al odontologo cual matricula es: A123
[2022-08-20 15:54:54] [INFO ] [OdontologoH2:116] Se estan por mostrar todos los odontologos
[2022-08-20 15:55:24] [INFO ] [OdontologoH2:56] Se elimino el odontologo cual matricula es: A123
[2022-08-20 15:55:24] [INFO ] [OdontologoH2:78] Se esta buscando al odontologo cual matricula es: A123
[2022-08-20 15:55:24] [INFO ] [OdontologoH2:35] Se guardo el Odontologo: ivan
[2022-08-20 15:55:24] [INFO ] [OdontologoH2:78] Se esta buscando al odontologo cual matricula es: A123
[2022-08-20 15:55:24] [INFO ] [OdontologoH2:78] Se esta buscando al odontologo cual matricula es: A123
[2022-08-20 15:55:24] [INFO ] [OdontologoH2:56] Se elimino el odontologo cual matricula es: A123
[2022-08-20 15:55:24] [INFO ] [OdontologoH2:56] Se elimino el odontologo cual matricula es: B123
[2022-08-20 15:55:24] [INFO ] [OdontologoH2:56] Se elimino el odontologo cual matricula es: C123
[2022-08-20 15:55:24] [INFO ] [OdontologoH2:56] Se elimino el odontologo cual matricula es: D123
[2022-08-20 15:55:24] [INFO ] [OdontologoH2:35] Se guardo el Odontologo: ivan
[2022-08-20 15:55:24] [INFO ] [OdontologoH2:35] Se guardo el Odontologo: ivan2
[2022-08-20 15:55:24] [INFO ] [OdontologoH2:116] Se estan por mostrar todos los odontologos
[2022-08-20 15:57:24] [INFO ] [OdontologoH2:56] Se elimino el odontologo cual matricula es: A123
[2022-08-20 15:57:24] [INFO ] [OdontologoH2:78] Se esta buscando al odontologo cual matricula es: A123
[2022-08-20 15:57:24] [INFO ] [OdontologoH2:35] Se guardo el Odontologo: ivan
[2022-08-20 15:57:24] [INFO ] [OdontologoH2:78] Se esta buscando al odontologo cual matricula es: A123
[2022-08-20 15:57:24] [INFO ] [OdontologoH2:78] Se esta buscando al odontologo cual matricula es: A123
[2022-08-20 15:57:24] [INFO ] [OdontologoH2:56] Se elimino el odontologo cual matricula es: A123
[2022-08-20 15:57:24] [INFO ] [OdontologoH2:56] Se elimino el odontologo cual matricula es: B123
[2022-08-20 15:57:24] [INFO ] [OdontologoH2:56] Se elimino el odontologo cual matricula es: C123
[2022-08-20 15:57:24] [INFO ] [OdontologoH2:56] Se elimino el odontologo cual matricula es: D123
[2022-08-20 15:57:24] [INFO ] [OdontologoH2:35] Se guardo el Odontologo: ivan
[2022-08-20 15:57:24] [INFO ] [OdontologoH2:35] Se guardo el Odontologo: ivan2
[2022-08-20 15:57:24] [INFO ] [OdontologoH2:116] Se estan por mostrar todos los odontologos
[2022-08-20 16:00:28] [INFO ] [OdontologoH2:56] Se elimino el odontologo cual matricula es: A123
[2022-08-20 16:00:28] [INFO ] [OdontologoH2:78] Se esta buscando al odontologo cual matricula es: A123
[2022-08-20 16:00:28] [INFO ] [OdontologoH2:35] Se guardo el Odontologo: ivan
[2022-08-20 16:00:28] [INFO ] [OdontologoH2:78] Se esta buscando al odontologo cual matricula es: A123
[2022-08-20 16:00:28] [INFO ] [OdontologoH2:78] Se esta buscando al odontologo cual matricula es: A123
[2022-08-20 16:00:28] [INFO ] [OdontologoH2:56] Se elimino el odontologo cual matricula es: A123
[2022-08-20 16:00:28] [INFO ] [OdontologoH2:56] Se elimino el odontologo cual matricula es: B123
[2022-08-20 16:00:28] [INFO ] [OdontologoH2:56] Se elimino el odontologo cual matricula es: C123
[2022-08-20 16:00:28] [INFO ] [OdontologoH2:56] Se elimino el odontologo cual matricula es: D123
[2022-08-20 16:00:28] [INFO ] [OdontologoH2:35] Se guardo el Odontologo: ivan
[2022-08-20 16:00:28] [INFO ] [OdontologoH2:35] Se guardo el Odontologo: ivan2
[2022-08-20 16:00:28] [INFO ] [OdontologoH2:116] Se estan por mostrar todos los odontologos
[2022-08-20 16:02:09] [INFO ] [OdontologoH2:56] Se elimino el odontologo cual matricula es: A123
[2022-08-20 16:02:09] [INFO ] [OdontologoH2:78] Se esta buscando al odontologo cual matricula es: A123
[2022-08-20 16:02:09] [INFO ] [OdontologoH2:35] Se guardo el Odontologo: ivan
[2022-08-20 16:02:09] [INFO ] [OdontologoH2:78] Se esta buscando al odontologo cual matricula es: A123
[2022-08-20 16:02:09] [INFO ] [OdontologoH2:78] Se esta buscando al odontologo cual matricula es: A123
[2022-08-20 16:02:09] [INFO ] [OdontologoH2:56] Se elimino el odontologo cual matricula es: A123
[2022-08-20 16:02:09] [INFO ] [OdontologoH2:56] Se elimino el odontologo cual matricula es: B123
[2022-08-20 16:02:09] [INFO ] [OdontologoH2:56] Se elimino el odontologo cual matricula es: C123
[2022-08-20 16:02:09] [INFO ] [OdontologoH2:56] Se elimino el odontologo cual matricula es: D123
[2022-08-20 16:02:09] [INFO ] [OdontologoH2:35] Se guardo el Odontologo: ivan
[2022-08-20 16:02:09] [INFO ] [OdontologoH2:35] Se guardo el Odontologo: ivan2
[2022-08-20 16:02:09] [INFO ] [OdontologoH2:116] Se estan por mostrar todos los odontologos
[2022-08-20 16:03:31] [INFO ] [OdontologoH2:56] Se elimino el odontologo cual matricula es: A123
[2022-08-20 16:03:31] [INFO ] [OdontologoH2:78] Se esta buscando al odontologo cual matricula es: A123
[2022-08-20 16:03:31] [INFO ] [OdontologoH2:35] Se guardo el Odontologo: ivan
[2022-08-20 16:03:31] [ERROR] [OdontologoH2:41] Ocurrio un error al guardar el odontologo: 
org.h2.jdbc.JdbcSQLIntegrityConstraintViolationException: La columna "MATRICULA" no permite valores nulos (NULL)
NULL not allowed for column "MATRICULA"; SQL statement:
INSERT INTO odontologos VALUES (?, ?, ?) [23502-214]
	at org.h2.message.DbException.getJdbcSQLException(DbException.java:508)
	at org.h2.message.DbException.getJdbcSQLException(DbException.java:477)
	at org.h2.message.DbException.get(DbException.java:223)
	at org.h2.message.DbException.get(DbException.java:199)
	at org.h2.table.Column.validateConvertUpdateSequence(Column.java:365)
	at org.h2.table.Table.convertInsertRow(Table.java:926)
	at org.h2.command.dml.Insert.insertRows(Insert.java:167)
	at org.h2.command.dml.Insert.update(Insert.java:135)
	at org.h2.command.dml.DataChangeStatement.update(DataChangeStatement.java:74)
	at org.h2.command.CommandContainer.update(CommandContainer.java:169)
	at org.h2.command.Command.executeUpdate(Command.java:252)
	at org.h2.jdbc.JdbcPreparedStatement.executeUpdateInternal(JdbcPreparedStatement.java:209)
	at org.h2.jdbc.JdbcPreparedStatement.executeUpdate(JdbcPreparedStatement.java:169)
	at com.company.daos.OdontologoH2.guardar(OdontologoH2.java:34)
	at com.company.daos.OdontologoH2.guardar(OdontologoH2.java:10)
	at com.company.servicios.OdontologoService.guardarOdontologo(OdontologoService.java:23)
	at com.company.OdontologoTest.puedoGuardarUnOdontologo(OdontologoTest.java:26)
	at java.base/jdk.internal.reflect.DirectMethodHandleAccessor.invoke(DirectMethodHandleAccessor.java:104)
	at java.base/java.lang.reflect.Method.invoke(Method.java:577)
	at org.junit.platform.commons.util.ReflectionUtils.invokeMethod(ReflectionUtils.java:725)
	at org.junit.jupiter.engine.execution.MethodInvocation.proceed(MethodInvocation.java:60)
	at org.junit.jupiter.engine.execution.InvocationInterceptorChain$ValidatingInvocation.proceed(InvocationInterceptorChain.java:131)
	at org.junit.jupiter.engine.extension.TimeoutExtension.intercept(TimeoutExtension.java:149)
	at org.junit.jupiter.engine.extension.TimeoutExtension.interceptTestableMethod(TimeoutExtension.java:140)
	at org.junit.jupiter.engine.extension.TimeoutExtension.interceptTestMethod(TimeoutExtension.java:84)
	at org.junit.jupiter.engine.execution.ExecutableInvoker$ReflectiveInterceptorCall.lambda$ofVoidMethod$0(ExecutableInvoker.java:115)
	at org.junit.jupiter.engine.execution.ExecutableInvoker.lambda$invoke$0(ExecutableInvoker.java:105)
	at org.junit.jupiter.engine.execution.InvocationInterceptorChain$InterceptedInvocation.proceed(InvocationInterceptorChain.java:106)
	at org.junit.jupiter.engine.execution.InvocationInterceptorChain.proceed(InvocationInterceptorChain.java:64)
	at org.junit.jupiter.engine.execution.InvocationInterceptorChain.chainAndInvoke(InvocationInterceptorChain.java:45)
	at org.junit.jupiter.engine.execution.InvocationInterceptorChain.invoke(InvocationInterceptorChain.java:37)
	at org.junit.jupiter.engine.execution.ExecutableInvoker.invoke(ExecutableInvoker.java:104)
	at org.junit.jupiter.engine.execution.ExecutableInvoker.invoke(ExecutableInvoker.java:98)
	at org.junit.jupiter.engine.descriptor.TestMethodTestDescriptor.lambda$invokeTestMethod$7(TestMethodTestDescriptor.java:214)
	at org.junit.platform.engine.support.hierarchical.ThrowableCollector.execute(ThrowableCollector.java:73)
	at org.junit.jupiter.engine.descriptor.TestMethodTestDescriptor.invokeTestMethod(TestMethodTestDescriptor.java:210)
	at org.junit.jupiter.engine.descriptor.TestMethodTestDescriptor.execute(TestMethodTestDescriptor.java:135)
	at org.junit.jupiter.engine.descriptor.TestMethodTestDescriptor.execute(TestMethodTestDescriptor.java:66)
	at org.junit.platform.engine.support.hierarchical.NodeTestTask.lambda$executeRecursively$6(NodeTestTask.java:151)
	at org.junit.platform.engine.support.hierarchical.ThrowableCollector.execute(ThrowableCollector.java:73)
	at org.junit.platform.engine.support.hierarchical.NodeTestTask.lambda$executeRecursively$8(NodeTestTask.java:141)
	at org.junit.platform.engine.support.hierarchical.Node.around(Node.java:137)
	at org.junit.platform.engine.support.hierarchical.NodeTestTask.lambda$executeRecursively$9(NodeTestTask.java:139)
	at org.junit.platform.engine.support.hierarchical.ThrowableCollector.execute(ThrowableCollector.java:73)
	at org.junit.platform.engine.support.hierarchical.NodeTestTask.executeRecursively(NodeTestTask.java:138)
	at org.junit.platform.engine.support.hierarchical.NodeTestTask.execute(NodeTestTask.java:95)
	at java.base/java.util.ArrayList.forEach(ArrayList.java:1511)
	at org.junit.platform.engine.support.hierarchical.SameThreadHierarchicalTestExecutorService.invokeAll(SameThreadHierarchicalTestExecutorService.java:41)
	at org.junit.platform.engine.support.hierarchical.NodeTestTask.lambda$executeRecursively$6(NodeTestTask.java:155)
	at org.junit.platform.engine.support.hierarchical.ThrowableCollector.execute(ThrowableCollector.java:73)
	at org.junit.platform.engine.support.hierarchical.NodeTestTask.lambda$executeRecursively$8(NodeTestTask.java:141)
	at org.junit.platform.engine.support.hierarchical.Node.around(Node.java:137)
	at org.junit.platform.engine.support.hierarchical.NodeTestTask.lambda$executeRecursively$9(NodeTestTask.java:139)
	at org.junit.platform.engine.support.hierarchical.ThrowableCollector.execute(ThrowableCollector.java:73)
	at org.junit.platform.engine.support.hierarchical.NodeTestTask.executeRecursively(NodeTestTask.java:138)
	at org.junit.platform.engine.support.hierarchical.NodeTestTask.execute(NodeTestTask.java:95)
	at java.base/java.util.ArrayList.forEach(ArrayList.java:1511)
	at org.junit.platform.engine.support.hierarchical.SameThreadHierarchicalTestExecutorService.invokeAll(SameThreadHierarchicalTestExecutorService.java:41)
	at org.junit.platform.engine.support.hierarchical.NodeTestTask.lambda$executeRecursively$6(NodeTestTask.java:155)
	at org.junit.platform.engine.support.hierarchical.ThrowableCollector.execute(ThrowableCollector.java:73)
	at org.junit.platform.engine.support.hierarchical.NodeTestTask.lambda$executeRecursively$8(NodeTestTask.java:141)
	at org.junit.platform.engine.support.hierarchical.Node.around(Node.java:137)
	at org.junit.platform.engine.support.hierarchical.NodeTestTask.lambda$executeRecursively$9(NodeTestTask.java:139)
	at org.junit.platform.engine.support.hierarchical.ThrowableCollector.execute(ThrowableCollector.java:73)
	at org.junit.platform.engine.support.hierarchical.NodeTestTask.executeRecursively(NodeTestTask.java:138)
	at org.junit.platform.engine.support.hierarchical.NodeTestTask.execute(NodeTestTask.java:95)
	at org.junit.platform.engine.support.hierarchical.SameThreadHierarchicalTestExecutorService.submit(SameThreadHierarchicalTestExecutorService.java:35)
	at org.junit.platform.engine.support.hierarchical.HierarchicalTestExecutor.execute(HierarchicalTestExecutor.java:57)
	at org.junit.platform.engine.support.hierarchical.HierarchicalTestEngine.execute(HierarchicalTestEngine.java:54)
	at org.junit.platform.launcher.core.EngineExecutionOrchestrator.execute(EngineExecutionOrchestrator.java:107)
	at org.junit.platform.launcher.core.EngineExecutionOrchestrator.execute(EngineExecutionOrchestrator.java:88)
	at org.junit.platform.launcher.core.EngineExecutionOrchestrator.lambda$execute$0(EngineExecutionOrchestrator.java:54)
	at org.junit.platform.launcher.core.EngineExecutionOrchestrator.withInterceptedStreams(EngineExecutionOrchestrator.java:67)
	at org.junit.platform.launcher.core.EngineExecutionOrchestrator.execute(EngineExecutionOrchestrator.java:52)
	at org.junit.platform.launcher.core.DefaultLauncher.execute(DefaultLauncher.java:114)
	at org.junit.platform.launcher.core.DefaultLauncher.execute(DefaultLauncher.java:86)
	at org.junit.platform.launcher.core.DefaultLauncherSession$DelegatingLauncher.execute(DefaultLauncherSession.java:86)
	at org.junit.platform.launcher.core.SessionPerRequestLauncher.execute(SessionPerRequestLauncher.java:53)
	at com.intellij.junit5.JUnit5IdeaTestRunner.startRunnerWithArgs(JUnit5IdeaTestRunner.java:71)
	at com.intellij.rt.junit.IdeaTestRunner$Repeater$1.execute(IdeaTestRunner.java:38)
	at com.intellij.rt.execution.junit.TestsRepeater.repeat(TestsRepeater.java:11)
	at com.intellij.rt.junit.IdeaTestRunner$Repeater.startRunnerWithArgs(IdeaTestRunner.java:35)
	at com.intellij.rt.junit.JUnitStarter.prepareStreamsAndStart(JUnitStarter.java:235)
	at com.intellij.rt.junit.JUnitStarter.main(JUnitStarter.java:54)
[2022-08-20 16:03:31] [INFO ] [OdontologoH2:78] Se esta buscando al odontologo cual matricula es: A123
[2022-08-20 16:03:31] [INFO ] [OdontologoH2:78] Se esta buscando al odontologo cual matricula es: A123
[2022-08-20 16:03:31] [INFO ] [OdontologoH2:56] Se elimino el odontologo cual matricula es: A123
[2022-08-20 16:03:31] [INFO ] [OdontologoH2:56] Se elimino el odontologo cual matricula es: B123
[2022-08-20 16:03:31] [INFO ] [OdontologoH2:56] Se elimino el odontologo cual matricula es: C123
[2022-08-20 16:03:31] [INFO ] [OdontologoH2:56] Se elimino el odontologo cual matricula es: D123
[2022-08-20 16:03:31] [INFO ] [OdontologoH2:35] Se guardo el Odontologo: ivan
[2022-08-20 16:03:31] [INFO ] [OdontologoH2:35] Se guardo el Odontologo: ivan2
[2022-08-20 16:03:31] [INFO ] [OdontologoH2:116] Se estan por mostrar todos los odontologos
[2022-08-20 16:03:36] [INFO ] [OdontologoH2:35] Se guardo el Odontologo: ivan
[2022-08-20 16:03:36] [ERROR] [OdontologoH2:41] Ocurrio un error al guardar el odontologo: 
org.h2.jdbc.JdbcSQLIntegrityConstraintViolationException: La columna "MATRICULA" no permite valores nulos (NULL)
NULL not allowed for column "MATRICULA"; SQL statement:
INSERT INTO odontologos VALUES (?, ?, ?) [23502-214]
	at org.h2.message.DbException.getJdbcSQLException(DbException.java:508)
	at org.h2.message.DbException.getJdbcSQLException(DbException.java:477)
	at org.h2.message.DbException.get(DbException.java:223)
	at org.h2.message.DbException.get(DbException.java:199)
	at org.h2.table.Column.validateConvertUpdateSequence(Column.java:365)
	at org.h2.table.Table.convertInsertRow(Table.java:926)
	at org.h2.command.dml.Insert.insertRows(Insert.java:167)
	at org.h2.command.dml.Insert.update(Insert.java:135)
	at org.h2.command.dml.DataChangeStatement.update(DataChangeStatement.java:74)
	at org.h2.command.CommandContainer.update(CommandContainer.java:169)
	at org.h2.command.Command.executeUpdate(Command.java:252)
	at org.h2.jdbc.JdbcPreparedStatement.executeUpdateInternal(JdbcPreparedStatement.java:209)
	at org.h2.jdbc.JdbcPreparedStatement.executeUpdate(JdbcPreparedStatement.java:169)
	at com.company.daos.OdontologoH2.guardar(OdontologoH2.java:34)
	at com.company.daos.OdontologoH2.guardar(OdontologoH2.java:10)
	at com.company.servicios.OdontologoService.guardarOdontologo(OdontologoService.java:23)
	at com.company.OdontologoTest.puedoGuardarUnOdontologo(OdontologoTest.java:26)
	at java.base/jdk.internal.reflect.DirectMethodHandleAccessor.invoke(DirectMethodHandleAccessor.java:104)
	at java.base/java.lang.reflect.Method.invoke(Method.java:577)
	at org.junit.platform.commons.util.ReflectionUtils.invokeMethod(ReflectionUtils.java:725)
	at org.junit.jupiter.engine.execution.MethodInvocation.proceed(MethodInvocation.java:60)
	at org.junit.jupiter.engine.execution.InvocationInterceptorChain$ValidatingInvocation.proceed(InvocationInterceptorChain.java:131)
	at org.junit.jupiter.engine.extension.TimeoutExtension.intercept(TimeoutExtension.java:149)
	at org.junit.jupiter.engine.extension.TimeoutExtension.interceptTestableMethod(TimeoutExtension.java:140)
	at org.junit.jupiter.engine.extension.TimeoutExtension.interceptTestMethod(TimeoutExtension.java:84)
	at org.junit.jupiter.engine.execution.ExecutableInvoker$ReflectiveInterceptorCall.lambda$ofVoidMethod$0(ExecutableInvoker.java:115)
	at org.junit.jupiter.engine.execution.ExecutableInvoker.lambda$invoke$0(ExecutableInvoker.java:105)
	at org.junit.jupiter.engine.execution.InvocationInterceptorChain$InterceptedInvocation.proceed(InvocationInterceptorChain.java:106)
	at org.junit.jupiter.engine.execution.InvocationInterceptorChain.proceed(InvocationInterceptorChain.java:64)
	at org.junit.jupiter.engine.execution.InvocationInterceptorChain.chainAndInvoke(InvocationInterceptorChain.java:45)
	at org.junit.jupiter.engine.execution.InvocationInterceptorChain.invoke(InvocationInterceptorChain.java:37)
	at org.junit.jupiter.engine.execution.ExecutableInvoker.invoke(ExecutableInvoker.java:104)
	at org.junit.jupiter.engine.execution.ExecutableInvoker.invoke(ExecutableInvoker.java:98)
	at org.junit.jupiter.engine.descriptor.TestMethodTestDescriptor.lambda$invokeTestMethod$7(TestMethodTestDescriptor.java:214)
	at org.junit.platform.engine.support.hierarchical.ThrowableCollector.execute(ThrowableCollector.java:73)
	at org.junit.jupiter.engine.descriptor.TestMethodTestDescriptor.invokeTestMethod(TestMethodTestDescriptor.java:210)
	at org.junit.jupiter.engine.descriptor.TestMethodTestDescriptor.execute(TestMethodTestDescriptor.java:135)
	at org.junit.jupiter.engine.descriptor.TestMethodTestDescriptor.execute(TestMethodTestDescriptor.java:66)
	at org.junit.platform.engine.support.hierarchical.NodeTestTask.lambda$executeRecursively$6(NodeTestTask.java:151)
	at org.junit.platform.engine.support.hierarchical.ThrowableCollector.execute(ThrowableCollector.java:73)
	at org.junit.platform.engine.support.hierarchical.NodeTestTask.lambda$executeRecursively$8(NodeTestTask.java:141)
	at org.junit.platform.engine.support.hierarchical.Node.around(Node.java:137)
	at org.junit.platform.engine.support.hierarchical.NodeTestTask.lambda$executeRecursively$9(NodeTestTask.java:139)
	at org.junit.platform.engine.support.hierarchical.ThrowableCollector.execute(ThrowableCollector.java:73)
	at org.junit.platform.engine.support.hierarchical.NodeTestTask.executeRecursively(NodeTestTask.java:138)
	at org.junit.platform.engine.support.hierarchical.NodeTestTask.execute(NodeTestTask.java:95)
	at java.base/java.util.ArrayList.forEach(ArrayList.java:1511)
	at org.junit.platform.engine.support.hierarchical.SameThreadHierarchicalTestExecutorService.invokeAll(SameThreadHierarchicalTestExecutorService.java:41)
	at org.junit.platform.engine.support.hierarchical.NodeTestTask.lambda$executeRecursively$6(NodeTestTask.java:155)
	at org.junit.platform.engine.support.hierarchical.ThrowableCollector.execute(ThrowableCollector.java:73)
	at org.junit.platform.engine.support.hierarchical.NodeTestTask.lambda$executeRecursively$8(NodeTestTask.java:141)
	at org.junit.platform.engine.support.hierarchical.Node.around(Node.java:137)
	at org.junit.platform.engine.support.hierarchical.NodeTestTask.lambda$executeRecursively$9(NodeTestTask.java:139)
	at org.junit.platform.engine.support.hierarchical.ThrowableCollector.execute(ThrowableCollector.java:73)
	at org.junit.platform.engine.support.hierarchical.NodeTestTask.executeRecursively(NodeTestTask.java:138)
	at org.junit.platform.engine.support.hierarchical.NodeTestTask.execute(NodeTestTask.java:95)
	at java.base/java.util.ArrayList.forEach(ArrayList.java:1511)
	at org.junit.platform.engine.support.hierarchical.SameThreadHierarchicalTestExecutorService.invokeAll(SameThreadHierarchicalTestExecutorService.java:41)
	at org.junit.platform.engine.support.hierarchical.NodeTestTask.lambda$executeRecursively$6(NodeTestTask.java:155)
	at org.junit.platform.engine.support.hierarchical.ThrowableCollector.execute(ThrowableCollector.java:73)
	at org.junit.platform.engine.support.hierarchical.NodeTestTask.lambda$executeRecursively$8(NodeTestTask.java:141)
	at org.junit.platform.engine.support.hierarchical.Node.around(Node.java:137)
	at org.junit.platform.engine.support.hierarchical.NodeTestTask.lambda$executeRecursively$9(NodeTestTask.java:139)
	at org.junit.platform.engine.support.hierarchical.ThrowableCollector.execute(ThrowableCollector.java:73)
	at org.junit.platform.engine.support.hierarchical.NodeTestTask.executeRecursively(NodeTestTask.java:138)
	at org.junit.platform.engine.support.hierarchical.NodeTestTask.execute(NodeTestTask.java:95)
	at org.junit.platform.engine.support.hierarchical.SameThreadHierarchicalTestExecutorService.submit(SameThreadHierarchicalTestExecutorService.java:35)
	at org.junit.platform.engine.support.hierarchical.HierarchicalTestExecutor.execute(HierarchicalTestExecutor.java:57)
	at org.junit.platform.engine.support.hierarchical.HierarchicalTestEngine.execute(HierarchicalTestEngine.java:54)
	at org.junit.platform.launcher.core.EngineExecutionOrchestrator.execute(EngineExecutionOrchestrator.java:107)
	at org.junit.platform.launcher.core.EngineExecutionOrchestrator.execute(EngineExecutionOrchestrator.java:88)
	at org.junit.platform.launcher.core.EngineExecutionOrchestrator.lambda$execute$0(EngineExecutionOrchestrator.java:54)
	at org.junit.platform.launcher.core.EngineExecutionOrchestrator.withInterceptedStreams(EngineExecutionOrchestrator.java:67)
	at org.junit.platform.launcher.core.EngineExecutionOrchestrator.execute(EngineExecutionOrchestrator.java:52)
	at org.junit.platform.launcher.core.DefaultLauncher.execute(DefaultLauncher.java:114)
	at org.junit.platform.launcher.core.DefaultLauncher.execute(DefaultLauncher.java:86)
	at org.junit.platform.launcher.core.DefaultLauncherSession$DelegatingLauncher.execute(DefaultLauncherSession.java:86)
	at org.junit.platform.launcher.core.SessionPerRequestLauncher.execute(SessionPerRequestLauncher.java:53)
	at com.intellij.junit5.JUnit5IdeaTestRunner.startRunnerWithArgs(JUnit5IdeaTestRunner.java:71)
	at com.intellij.rt.junit.IdeaTestRunner$Repeater$1.execute(IdeaTestRunner.java:38)
	at com.intellij.rt.execution.junit.TestsRepeater.repeat(TestsRepeater.java:11)
	at com.intellij.rt.junit.IdeaTestRunner$Repeater.startRunnerWithArgs(IdeaTestRunner.java:35)
	at com.intellij.rt.junit.JUnitStarter.prepareStreamsAndStart(JUnitStarter.java:235)
	at com.intellij.rt.junit.JUnitStarter.main(JUnitStarter.java:54)
[2022-08-20 16:03:36] [INFO ] [OdontologoH2:78] Se esta buscando al odontologo cual matricula es: A123
[2022-08-20 16:04:22] [ERROR] [OdontologoH2:41] Ocurrio un error al guardar el odontologo: 
org.h2.jdbc.JdbcSQLIntegrityConstraintViolationException: Violación de indice de Unicidad ó Clave primaria: "PUBLIC.PRIMARY_KEY_2 ON PUBLIC.ODONTOLOGOS(MATRICULA) VALUES ( /* 7 */ 'A123' )"
Unique index or primary key violation: "PUBLIC.PRIMARY_KEY_2 ON PUBLIC.ODONTOLOGOS(MATRICULA) VALUES ( /* 7 */ 'A123' )"; SQL statement:
INSERT INTO odontologos VALUES (?, ?, ?) [23505-214]
	at org.h2.message.DbException.getJdbcSQLException(DbException.java:508)
	at org.h2.message.DbException.getJdbcSQLException(DbException.java:477)
	at org.h2.message.DbException.get(DbException.java:223)
	at org.h2.message.DbException.get(DbException.java:199)
	at org.h2.index.Index.getDuplicateKeyException(Index.java:525)
	at org.h2.mvstore.db.MVSecondaryIndex.checkUnique(MVSecondaryIndex.java:223)
	at org.h2.mvstore.db.MVSecondaryIndex.add(MVSecondaryIndex.java:184)
	at org.h2.mvstore.db.MVTable.addRow(MVTable.java:519)
	at org.h2.command.dml.Insert.insertRows(Insert.java:174)
	at org.h2.command.dml.Insert.update(Insert.java:135)
	at org.h2.command.dml.DataChangeStatement.update(DataChangeStatement.java:74)
	at org.h2.command.CommandContainer.update(CommandContainer.java:169)
	at org.h2.command.Command.executeUpdate(Command.java:252)
	at org.h2.jdbc.JdbcPreparedStatement.executeUpdateInternal(JdbcPreparedStatement.java:209)
	at org.h2.jdbc.JdbcPreparedStatement.executeUpdate(JdbcPreparedStatement.java:169)
	at com.company.daos.OdontologoH2.guardar(OdontologoH2.java:34)
	at com.company.daos.OdontologoH2.guardar(OdontologoH2.java:10)
	at com.company.servicios.OdontologoService.guardarOdontologo(OdontologoService.java:23)
	at com.company.OdontologoTest.puedoGuardarUnOdontologo(OdontologoTest.java:25)
	at java.base/jdk.internal.reflect.DirectMethodHandleAccessor.invoke(DirectMethodHandleAccessor.java:104)
	at java.base/java.lang.reflect.Method.invoke(Method.java:577)
	at org.junit.platform.commons.util.ReflectionUtils.invokeMethod(ReflectionUtils.java:725)
	at org.junit.jupiter.engine.execution.MethodInvocation.proceed(MethodInvocation.java:60)
	at org.junit.jupiter.engine.execution.InvocationInterceptorChain$ValidatingInvocation.proceed(InvocationInterceptorChain.java:131)
	at org.junit.jupiter.engine.extension.TimeoutExtension.intercept(TimeoutExtension.java:149)
	at org.junit.jupiter.engine.extension.TimeoutExtension.interceptTestableMethod(TimeoutExtension.java:140)
	at org.junit.jupiter.engine.extension.TimeoutExtension.interceptTestMethod(TimeoutExtension.java:84)
	at org.junit.jupiter.engine.execution.ExecutableInvoker$ReflectiveInterceptorCall.lambda$ofVoidMethod$0(ExecutableInvoker.java:115)
	at org.junit.jupiter.engine.execution.ExecutableInvoker.lambda$invoke$0(ExecutableInvoker.java:105)
	at org.junit.jupiter.engine.execution.InvocationInterceptorChain$InterceptedInvocation.proceed(InvocationInterceptorChain.java:106)
	at org.junit.jupiter.engine.execution.InvocationInterceptorChain.proceed(InvocationInterceptorChain.java:64)
	at org.junit.jupiter.engine.execution.InvocationInterceptorChain.chainAndInvoke(InvocationInterceptorChain.java:45)
	at org.junit.jupiter.engine.execution.InvocationInterceptorChain.invoke(InvocationInterceptorChain.java:37)
	at org.junit.jupiter.engine.execution.ExecutableInvoker.invoke(ExecutableInvoker.java:104)
	at org.junit.jupiter.engine.execution.ExecutableInvoker.invoke(ExecutableInvoker.java:98)
	at org.junit.jupiter.engine.descriptor.TestMethodTestDescriptor.lambda$invokeTestMethod$7(TestMethodTestDescriptor.java:214)
	at org.junit.platform.engine.support.hierarchical.ThrowableCollector.execute(ThrowableCollector.java:73)
	at org.junit.jupiter.engine.descriptor.TestMethodTestDescriptor.invokeTestMethod(TestMethodTestDescriptor.java:210)
	at org.junit.jupiter.engine.descriptor.TestMethodTestDescriptor.execute(TestMethodTestDescriptor.java:135)
	at org.junit.jupiter.engine.descriptor.TestMethodTestDescriptor.execute(TestMethodTestDescriptor.java:66)
	at org.junit.platform.engine.support.hierarchical.NodeTestTask.lambda$executeRecursively$6(NodeTestTask.java:151)
	at org.junit.platform.engine.support.hierarchical.ThrowableCollector.execute(ThrowableCollector.java:73)
	at org.junit.platform.engine.support.hierarchical.NodeTestTask.lambda$executeRecursively$8(NodeTestTask.java:141)
	at org.junit.platform.engine.support.hierarchical.Node.around(Node.java:137)
	at org.junit.platform.engine.support.hierarchical.NodeTestTask.lambda$executeRecursively$9(NodeTestTask.java:139)
	at org.junit.platform.engine.support.hierarchical.ThrowableCollector.execute(ThrowableCollector.java:73)
	at org.junit.platform.engine.support.hierarchical.NodeTestTask.executeRecursively(NodeTestTask.java:138)
	at org.junit.platform.engine.support.hierarchical.NodeTestTask.execute(NodeTestTask.java:95)
	at java.base/java.util.ArrayList.forEach(ArrayList.java:1511)
	at org.junit.platform.engine.support.hierarchical.SameThreadHierarchicalTestExecutorService.invokeAll(SameThreadHierarchicalTestExecutorService.java:41)
	at org.junit.platform.engine.support.hierarchical.NodeTestTask.lambda$executeRecursively$6(NodeTestTask.java:155)
	at org.junit.platform.engine.support.hierarchical.ThrowableCollector.execute(ThrowableCollector.java:73)
	at org.junit.platform.engine.support.hierarchical.NodeTestTask.lambda$executeRecursively$8(NodeTestTask.java:141)
	at org.junit.platform.engine.support.hierarchical.Node.around(Node.java:137)
	at org.junit.platform.engine.support.hierarchical.NodeTestTask.lambda$executeRecursively$9(NodeTestTask.java:139)
	at org.junit.platform.engine.support.hierarchical.ThrowableCollector.execute(ThrowableCollector.java:73)
	at org.junit.platform.engine.support.hierarchical.NodeTestTask.executeRecursively(NodeTestTask.java:138)
	at org.junit.platform.engine.support.hierarchical.NodeTestTask.execute(NodeTestTask.java:95)
	at java.base/java.util.ArrayList.forEach(ArrayList.java:1511)
	at org.junit.platform.engine.support.hierarchical.SameThreadHierarchicalTestExecutorService.invokeAll(SameThreadHierarchicalTestExecutorService.java:41)
	at org.junit.platform.engine.support.hierarchical.NodeTestTask.lambda$executeRecursively$6(NodeTestTask.java:155)
	at org.junit.platform.engine.support.hierarchical.ThrowableCollector.execute(ThrowableCollector.java:73)
	at org.junit.platform.engine.support.hierarchical.NodeTestTask.lambda$executeRecursively$8(NodeTestTask.java:141)
	at org.junit.platform.engine.support.hierarchical.Node.around(Node.java:137)
	at org.junit.platform.engine.support.hierarchical.NodeTestTask.lambda$executeRecursively$9(NodeTestTask.java:139)
	at org.junit.platform.engine.support.hierarchical.ThrowableCollector.execute(ThrowableCollector.java:73)
	at org.junit.platform.engine.support.hierarchical.NodeTestTask.executeRecursively(NodeTestTask.java:138)
	at org.junit.platform.engine.support.hierarchical.NodeTestTask.execute(NodeTestTask.java:95)
	at org.junit.platform.engine.support.hierarchical.SameThreadHierarchicalTestExecutorService.submit(SameThreadHierarchicalTestExecutorService.java:35)
	at org.junit.platform.engine.support.hierarchical.HierarchicalTestExecutor.execute(HierarchicalTestExecutor.java:57)
	at org.junit.platform.engine.support.hierarchical.HierarchicalTestEngine.execute(HierarchicalTestEngine.java:54)
	at org.junit.platform.launcher.core.EngineExecutionOrchestrator.execute(EngineExecutionOrchestrator.java:107)
	at org.junit.platform.launcher.core.EngineExecutionOrchestrator.execute(EngineExecutionOrchestrator.java:88)
	at org.junit.platform.launcher.core.EngineExecutionOrchestrator.lambda$execute$0(EngineExecutionOrchestrator.java:54)
	at org.junit.platform.launcher.core.EngineExecutionOrchestrator.withInterceptedStreams(EngineExecutionOrchestrator.java:67)
	at org.junit.platform.launcher.core.EngineExecutionOrchestrator.execute(EngineExecutionOrchestrator.java:52)
	at org.junit.platform.launcher.core.DefaultLauncher.execute(DefaultLauncher.java:114)
	at org.junit.platform.launcher.core.DefaultLauncher.execute(DefaultLauncher.java:86)
	at org.junit.platform.launcher.core.DefaultLauncherSession$DelegatingLauncher.execute(DefaultLauncherSession.java:86)
	at org.junit.platform.launcher.core.SessionPerRequestLauncher.execute(SessionPerRequestLauncher.java:53)
	at com.intellij.junit5.JUnit5IdeaTestRunner.startRunnerWithArgs(JUnit5IdeaTestRunner.java:71)
	at com.intellij.rt.junit.IdeaTestRunner$Repeater$1.execute(IdeaTestRunner.java:38)
	at com.intellij.rt.execution.junit.TestsRepeater.repeat(TestsRepeater.java:11)
	at com.intellij.rt.junit.IdeaTestRunner$Repeater.startRunnerWithArgs(IdeaTestRunner.java:35)
	at com.intellij.rt.junit.JUnitStarter.prepareStreamsAndStart(JUnitStarter.java:235)
	at com.intellij.rt.junit.JUnitStarter.main(JUnitStarter.java:54)
[2022-08-20 16:04:22] [ERROR] [OdontologoH2:41] Ocurrio un error al guardar el odontologo: 
org.h2.jdbc.JdbcSQLIntegrityConstraintViolationException: Violación de indice de Unicidad ó Clave primaria: "PUBLIC.PRIMARY_KEY_2 ON PUBLIC.ODONTOLOGOS(MATRICULA) VALUES ( /* 7 */ 'A123' )"
Unique index or primary key violation: "PUBLIC.PRIMARY_KEY_2 ON PUBLIC.ODONTOLOGOS(MATRICULA) VALUES ( /* 7 */ 'A123' )"; SQL statement:
INSERT INTO odontologos VALUES (?, ?, ?) [23505-214]
	at org.h2.message.DbException.getJdbcSQLException(DbException.java:508)
	at org.h2.message.DbException.getJdbcSQLException(DbException.java:477)
	at org.h2.message.DbException.get(DbException.java:223)
	at org.h2.message.DbException.get(DbException.java:199)
	at org.h2.index.Index.getDuplicateKeyException(Index.java:525)
	at org.h2.mvstore.db.MVSecondaryIndex.checkUnique(MVSecondaryIndex.java:223)
	at org.h2.mvstore.db.MVSecondaryIndex.add(MVSecondaryIndex.java:184)
	at org.h2.mvstore.db.MVTable.addRow(MVTable.java:519)
	at org.h2.command.dml.Insert.insertRows(Insert.java:174)
	at org.h2.command.dml.Insert.update(Insert.java:135)
	at org.h2.command.dml.DataChangeStatement.update(DataChangeStatement.java:74)
	at org.h2.command.CommandContainer.update(CommandContainer.java:169)
	at org.h2.command.Command.executeUpdate(Command.java:252)
	at org.h2.jdbc.JdbcPreparedStatement.executeUpdateInternal(JdbcPreparedStatement.java:209)
	at org.h2.jdbc.JdbcPreparedStatement.executeUpdate(JdbcPreparedStatement.java:169)
	at com.company.daos.OdontologoH2.guardar(OdontologoH2.java:34)
	at com.company.daos.OdontologoH2.guardar(OdontologoH2.java:10)
	at com.company.servicios.OdontologoService.guardarOdontologo(OdontologoService.java:23)
	at com.company.OdontologoTest.puedoGuardarUnOdontologo(OdontologoTest.java:26)
	at java.base/jdk.internal.reflect.DirectMethodHandleAccessor.invoke(DirectMethodHandleAccessor.java:104)
	at java.base/java.lang.reflect.Method.invoke(Method.java:577)
	at org.junit.platform.commons.util.ReflectionUtils.invokeMethod(ReflectionUtils.java:725)
	at org.junit.jupiter.engine.execution.MethodInvocation.proceed(MethodInvocation.java:60)
	at org.junit.jupiter.engine.execution.InvocationInterceptorChain$ValidatingInvocation.proceed(InvocationInterceptorChain.java:131)
	at org.junit.jupiter.engine.extension.TimeoutExtension.intercept(TimeoutExtension.java:149)
	at org.junit.jupiter.engine.extension.TimeoutExtension.interceptTestableMethod(TimeoutExtension.java:140)
	at org.junit.jupiter.engine.extension.TimeoutExtension.interceptTestMethod(TimeoutExtension.java:84)
	at org.junit.jupiter.engine.execution.ExecutableInvoker$ReflectiveInterceptorCall.lambda$ofVoidMethod$0(ExecutableInvoker.java:115)
	at org.junit.jupiter.engine.execution.ExecutableInvoker.lambda$invoke$0(ExecutableInvoker.java:105)
	at org.junit.jupiter.engine.execution.InvocationInterceptorChain$InterceptedInvocation.proceed(InvocationInterceptorChain.java:106)
	at org.junit.jupiter.engine.execution.InvocationInterceptorChain.proceed(InvocationInterceptorChain.java:64)
	at org.junit.jupiter.engine.execution.InvocationInterceptorChain.chainAndInvoke(InvocationInterceptorChain.java:45)
	at org.junit.jupiter.engine.execution.InvocationInterceptorChain.invoke(InvocationInterceptorChain.java:37)
	at org.junit.jupiter.engine.execution.ExecutableInvoker.invoke(ExecutableInvoker.java:104)
	at org.junit.jupiter.engine.execution.ExecutableInvoker.invoke(ExecutableInvoker.java:98)
	at org.junit.jupiter.engine.descriptor.TestMethodTestDescriptor.lambda$invokeTestMethod$7(TestMethodTestDescriptor.java:214)
	at org.junit.platform.engine.support.hierarchical.ThrowableCollector.execute(ThrowableCollector.java:73)
	at org.junit.jupiter.engine.descriptor.TestMethodTestDescriptor.invokeTestMethod(TestMethodTestDescriptor.java:210)
	at org.junit.jupiter.engine.descriptor.TestMethodTestDescriptor.execute(TestMethodTestDescriptor.java:135)
	at org.junit.jupiter.engine.descriptor.TestMethodTestDescriptor.execute(TestMethodTestDescriptor.java:66)
	at org.junit.platform.engine.support.hierarchical.NodeTestTask.lambda$executeRecursively$6(NodeTestTask.java:151)
	at org.junit.platform.engine.support.hierarchical.ThrowableCollector.execute(ThrowableCollector.java:73)
	at org.junit.platform.engine.support.hierarchical.NodeTestTask.lambda$executeRecursively$8(NodeTestTask.java:141)
	at org.junit.platform.engine.support.hierarchical.Node.around(Node.java:137)
	at org.junit.platform.engine.support.hierarchical.NodeTestTask.lambda$executeRecursively$9(NodeTestTask.java:139)
	at org.junit.platform.engine.support.hierarchical.ThrowableCollector.execute(ThrowableCollector.java:73)
	at org.junit.platform.engine.support.hierarchical.NodeTestTask.executeRecursively(NodeTestTask.java:138)
	at org.junit.platform.engine.support.hierarchical.NodeTestTask.execute(NodeTestTask.java:95)
	at java.base/java.util.ArrayList.forEach(ArrayList.java:1511)
	at org.junit.platform.engine.support.hierarchical.SameThreadHierarchicalTestExecutorService.invokeAll(SameThreadHierarchicalTestExecutorService.java:41)
	at org.junit.platform.engine.support.hierarchical.NodeTestTask.lambda$executeRecursively$6(NodeTestTask.java:155)
	at org.junit.platform.engine.support.hierarchical.ThrowableCollector.execute(ThrowableCollector.java:73)
	at org.junit.platform.engine.support.hierarchical.NodeTestTask.lambda$executeRecursively$8(NodeTestTask.java:141)
	at org.junit.platform.engine.support.hierarchical.Node.around(Node.java:137)
	at org.junit.platform.engine.support.hierarchical.NodeTestTask.lambda$executeRecursively$9(NodeTestTask.java:139)
	at org.junit.platform.engine.support.hierarchical.ThrowableCollector.execute(ThrowableCollector.java:73)
	at org.junit.platform.engine.support.hierarchical.NodeTestTask.executeRecursively(NodeTestTask.java:138)
	at org.junit.platform.engine.support.hierarchical.NodeTestTask.execute(NodeTestTask.java:95)
	at java.base/java.util.ArrayList.forEach(ArrayList.java:1511)
	at org.junit.platform.engine.support.hierarchical.SameThreadHierarchicalTestExecutorService.invokeAll(SameThreadHierarchicalTestExecutorService.java:41)
	at org.junit.platform.engine.support.hierarchical.NodeTestTask.lambda$executeRecursively$6(NodeTestTask.java:155)
	at org.junit.platform.engine.support.hierarchical.ThrowableCollector.execute(ThrowableCollector.java:73)
	at org.junit.platform.engine.support.hierarchical.NodeTestTask.lambda$executeRecursively$8(NodeTestTask.java:141)
	at org.junit.platform.engine.support.hierarchical.Node.around(Node.java:137)
	at org.junit.platform.engine.support.hierarchical.NodeTestTask.lambda$executeRecursively$9(NodeTestTask.java:139)
	at org.junit.platform.engine.support.hierarchical.ThrowableCollector.execute(ThrowableCollector.java:73)
	at org.junit.platform.engine.support.hierarchical.NodeTestTask.executeRecursively(NodeTestTask.java:138)
	at org.junit.platform.engine.support.hierarchical.NodeTestTask.execute(NodeTestTask.java:95)
	at org.junit.platform.engine.support.hierarchical.SameThreadHierarchicalTestExecutorService.submit(SameThreadHierarchicalTestExecutorService.java:35)
	at org.junit.platform.engine.support.hierarchical.HierarchicalTestExecutor.execute(HierarchicalTestExecutor.java:57)
	at org.junit.platform.engine.support.hierarchical.HierarchicalTestEngine.execute(HierarchicalTestEngine.java:54)
	at org.junit.platform.launcher.core.EngineExecutionOrchestrator.execute(EngineExecutionOrchestrator.java:107)
	at org.junit.platform.launcher.core.EngineExecutionOrchestrator.execute(EngineExecutionOrchestrator.java:88)
	at org.junit.platform.launcher.core.EngineExecutionOrchestrator.lambda$execute$0(EngineExecutionOrchestrator.java:54)
	at org.junit.platform.launcher.core.EngineExecutionOrchestrator.withInterceptedStreams(EngineExecutionOrchestrator.java:67)
	at org.junit.platform.launcher.core.EngineExecutionOrchestrator.execute(EngineExecutionOrchestrator.java:52)
	at org.junit.platform.launcher.core.DefaultLauncher.execute(DefaultLauncher.java:114)
	at org.junit.platform.launcher.core.DefaultLauncher.execute(DefaultLauncher.java:86)
	at org.junit.platform.launcher.core.DefaultLauncherSession$DelegatingLauncher.execute(DefaultLauncherSession.java:86)
	at org.junit.platform.launcher.core.SessionPerRequestLauncher.execute(SessionPerRequestLauncher.java:53)
	at com.intellij.junit5.JUnit5IdeaTestRunner.startRunnerWithArgs(JUnit5IdeaTestRunner.java:71)
	at com.intellij.rt.junit.IdeaTestRunner$Repeater$1.execute(IdeaTestRunner.java:38)
	at com.intellij.rt.execution.junit.TestsRepeater.repeat(TestsRepeater.java:11)
	at com.intellij.rt.junit.IdeaTestRunner$Repeater.startRunnerWithArgs(IdeaTestRunner.java:35)
	at com.intellij.rt.junit.JUnitStarter.prepareStreamsAndStart(JUnitStarter.java:235)
	at com.intellij.rt.junit.JUnitStarter.main(JUnitStarter.java:54)
[2022-08-20 16:04:22] [INFO ] [OdontologoH2:78] Se esta buscando al odontologo cual matricula es: A123
[2022-08-20 16:04:37] [INFO ] [OdontologoH2:56] Se elimino el odontologo cual matricula es: A123
[2022-08-20 16:04:37] [INFO ] [OdontologoH2:78] Se esta buscando al odontologo cual matricula es: A123
[2022-08-20 16:04:37] [INFO ] [OdontologoH2:35] Se guardo el Odontologo: ivan
[2022-08-20 16:04:37] [INFO ] [OdontologoH2:78] Se esta buscando al odontologo cual matricula es: A123
[2022-08-20 16:04:37] [INFO ] [OdontologoH2:78] Se esta buscando al odontologo cual matricula es: A123
[2022-08-20 16:04:37] [INFO ] [OdontologoH2:56] Se elimino el odontologo cual matricula es: A123
[2022-08-20 16:04:37] [INFO ] [OdontologoH2:56] Se elimino el odontologo cual matricula es: B123
[2022-08-20 16:04:37] [INFO ] [OdontologoH2:56] Se elimino el odontologo cual matricula es: C123
[2022-08-20 16:04:37] [INFO ] [OdontologoH2:56] Se elimino el odontologo cual matricula es: D123
[2022-08-20 16:04:37] [INFO ] [OdontologoH2:35] Se guardo el Odontologo: ivan
[2022-08-20 16:04:37] [INFO ] [OdontologoH2:35] Se guardo el Odontologo: ivan2
[2022-08-20 16:04:37] [INFO ] [OdontologoH2:116] Se estan por mostrar todos los odontologos
[2022-08-20 16:05:00] [INFO ] [OdontologoH2:78] Se esta buscando al odontologo cual matricula es: A123
[2022-08-20 16:05:50] [INFO ] [OdontologoH2:35] Se guardo el Odontologo: ivan
[2022-08-20 16:05:50] [INFO ] [OdontologoH2:78] Se esta buscando al odontologo cual matricula es: A123
[2022-08-20 16:05:52] [ERROR] [OdontologoH2:41] Ocurrio un error al guardar el odontologo: 
org.h2.jdbc.JdbcSQLIntegrityConstraintViolationException: Violación de indice de Unicidad ó Clave primaria: "PUBLIC.PRIMARY_KEY_2 ON PUBLIC.ODONTOLOGOS(MATRICULA) VALUES ( /* 11 */ 'A123' )"
Unique index or primary key violation: "PUBLIC.PRIMARY_KEY_2 ON PUBLIC.ODONTOLOGOS(MATRICULA) VALUES ( /* 11 */ 'A123' )"; SQL statement:
INSERT INTO odontologos VALUES (?, ?, ?) [23505-214]
	at org.h2.message.DbException.getJdbcSQLException(DbException.java:508)
	at org.h2.message.DbException.getJdbcSQLException(DbException.java:477)
	at org.h2.message.DbException.get(DbException.java:223)
	at org.h2.message.DbException.get(DbException.java:199)
	at org.h2.index.Index.getDuplicateKeyException(Index.java:525)
	at org.h2.mvstore.db.MVSecondaryIndex.checkUnique(MVSecondaryIndex.java:223)
	at org.h2.mvstore.db.MVSecondaryIndex.add(MVSecondaryIndex.java:184)
	at org.h2.mvstore.db.MVTable.addRow(MVTable.java:519)
	at org.h2.command.dml.Insert.insertRows(Insert.java:174)
	at org.h2.command.dml.Insert.update(Insert.java:135)
	at org.h2.command.dml.DataChangeStatement.update(DataChangeStatement.java:74)
	at org.h2.command.CommandContainer.update(CommandContainer.java:169)
	at org.h2.command.Command.executeUpdate(Command.java:252)
	at org.h2.jdbc.JdbcPreparedStatement.executeUpdateInternal(JdbcPreparedStatement.java:209)
	at org.h2.jdbc.JdbcPreparedStatement.executeUpdate(JdbcPreparedStatement.java:169)
	at com.company.daos.OdontologoH2.guardar(OdontologoH2.java:34)
	at com.company.daos.OdontologoH2.guardar(OdontologoH2.java:10)
	at com.company.servicios.OdontologoService.guardarOdontologo(OdontologoService.java:23)
	at com.company.OdontologoTest.buscarOdontologoPorMatricula(OdontologoTest.java:36)
	at java.base/jdk.internal.reflect.DirectMethodHandleAccessor.invoke(DirectMethodHandleAccessor.java:104)
	at java.base/java.lang.reflect.Method.invoke(Method.java:577)
	at org.junit.platform.commons.util.ReflectionUtils.invokeMethod(ReflectionUtils.java:725)
	at org.junit.jupiter.engine.execution.MethodInvocation.proceed(MethodInvocation.java:60)
	at org.junit.jupiter.engine.execution.InvocationInterceptorChain$ValidatingInvocation.proceed(InvocationInterceptorChain.java:131)
	at org.junit.jupiter.engine.extension.TimeoutExtension.intercept(TimeoutExtension.java:149)
	at org.junit.jupiter.engine.extension.TimeoutExtension.interceptTestableMethod(TimeoutExtension.java:140)
	at org.junit.jupiter.engine.extension.TimeoutExtension.interceptTestMethod(TimeoutExtension.java:84)
	at org.junit.jupiter.engine.execution.ExecutableInvoker$ReflectiveInterceptorCall.lambda$ofVoidMethod$0(ExecutableInvoker.java:115)
	at org.junit.jupiter.engine.execution.ExecutableInvoker.lambda$invoke$0(ExecutableInvoker.java:105)
	at org.junit.jupiter.engine.execution.InvocationInterceptorChain$InterceptedInvocation.proceed(InvocationInterceptorChain.java:106)
	at org.junit.jupiter.engine.execution.InvocationInterceptorChain.proceed(InvocationInterceptorChain.java:64)
	at org.junit.jupiter.engine.execution.InvocationInterceptorChain.chainAndInvoke(InvocationInterceptorChain.java:45)
	at org.junit.jupiter.engine.execution.InvocationInterceptorChain.invoke(InvocationInterceptorChain.java:37)
	at org.junit.jupiter.engine.execution.ExecutableInvoker.invoke(ExecutableInvoker.java:104)
	at org.junit.jupiter.engine.execution.ExecutableInvoker.invoke(ExecutableInvoker.java:98)
	at org.junit.jupiter.engine.descriptor.TestMethodTestDescriptor.lambda$invokeTestMethod$7(TestMethodTestDescriptor.java:214)
	at org.junit.platform.engine.support.hierarchical.ThrowableCollector.execute(ThrowableCollector.java:73)
	at org.junit.jupiter.engine.descriptor.TestMethodTestDescriptor.invokeTestMethod(TestMethodTestDescriptor.java:210)
	at org.junit.jupiter.engine.descriptor.TestMethodTestDescriptor.execute(TestMethodTestDescriptor.java:135)
	at org.junit.jupiter.engine.descriptor.TestMethodTestDescriptor.execute(TestMethodTestDescriptor.java:66)
	at org.junit.platform.engine.support.hierarchical.NodeTestTask.lambda$executeRecursively$6(NodeTestTask.java:151)
	at org.junit.platform.engine.support.hierarchical.ThrowableCollector.execute(ThrowableCollector.java:73)
	at org.junit.platform.engine.support.hierarchical.NodeTestTask.lambda$executeRecursively$8(NodeTestTask.java:141)
	at org.junit.platform.engine.support.hierarchical.Node.around(Node.java:137)
	at org.junit.platform.engine.support.hierarchical.NodeTestTask.lambda$executeRecursively$9(NodeTestTask.java:139)
	at org.junit.platform.engine.support.hierarchical.ThrowableCollector.execute(ThrowableCollector.java:73)
	at org.junit.platform.engine.support.hierarchical.NodeTestTask.executeRecursively(NodeTestTask.java:138)
	at org.junit.platform.engine.support.hierarchical.NodeTestTask.execute(NodeTestTask.java:95)
	at java.base/java.util.ArrayList.forEach(ArrayList.java:1511)
	at org.junit.platform.engine.support.hierarchical.SameThreadHierarchicalTestExecutorService.invokeAll(SameThreadHierarchicalTestExecutorService.java:41)
	at org.junit.platform.engine.support.hierarchical.NodeTestTask.lambda$executeRecursively$6(NodeTestTask.java:155)
	at org.junit.platform.engine.support.hierarchical.ThrowableCollector.execute(ThrowableCollector.java:73)
	at org.junit.platform.engine.support.hierarchical.NodeTestTask.lambda$executeRecursively$8(NodeTestTask.java:141)
	at org.junit.platform.engine.support.hierarchical.Node.around(Node.java:137)
	at org.junit.platform.engine.support.hierarchical.NodeTestTask.lambda$executeRecursively$9(NodeTestTask.java:139)
	at org.junit.platform.engine.support.hierarchical.ThrowableCollector.execute(ThrowableCollector.java:73)
	at org.junit.platform.engine.support.hierarchical.NodeTestTask.executeRecursively(NodeTestTask.java:138)
	at org.junit.platform.engine.support.hierarchical.NodeTestTask.execute(NodeTestTask.java:95)
	at java.base/java.util.ArrayList.forEach(ArrayList.java:1511)
	at org.junit.platform.engine.support.hierarchical.SameThreadHierarchicalTestExecutorService.invokeAll(SameThreadHierarchicalTestExecutorService.java:41)
	at org.junit.platform.engine.support.hierarchical.NodeTestTask.lambda$executeRecursively$6(NodeTestTask.java:155)
	at org.junit.platform.engine.support.hierarchical.ThrowableCollector.execute(ThrowableCollector.java:73)
	at org.junit.platform.engine.support.hierarchical.NodeTestTask.lambda$executeRecursively$8(NodeTestTask.java:141)
	at org.junit.platform.engine.support.hierarchical.Node.around(Node.java:137)
	at org.junit.platform.engine.support.hierarchical.NodeTestTask.lambda$executeRecursively$9(NodeTestTask.java:139)
	at org.junit.platform.engine.support.hierarchical.ThrowableCollector.execute(ThrowableCollector.java:73)
	at org.junit.platform.engine.support.hierarchical.NodeTestTask.executeRecursively(NodeTestTask.java:138)
	at org.junit.platform.engine.support.hierarchical.NodeTestTask.execute(NodeTestTask.java:95)
	at org.junit.platform.engine.support.hierarchical.SameThreadHierarchicalTestExecutorService.submit(SameThreadHierarchicalTestExecutorService.java:35)
	at org.junit.platform.engine.support.hierarchical.HierarchicalTestExecutor.execute(HierarchicalTestExecutor.java:57)
	at org.junit.platform.engine.support.hierarchical.HierarchicalTestEngine.execute(HierarchicalTestEngine.java:54)
	at org.junit.platform.launcher.core.EngineExecutionOrchestrator.execute(EngineExecutionOrchestrator.java:107)
	at org.junit.platform.launcher.core.EngineExecutionOrchestrator.execute(EngineExecutionOrchestrator.java:88)
	at org.junit.platform.launcher.core.EngineExecutionOrchestrator.lambda$execute$0(EngineExecutionOrchestrator.java:54)
	at org.junit.platform.launcher.core.EngineExecutionOrchestrator.withInterceptedStreams(EngineExecutionOrchestrator.java:67)
	at org.junit.platform.launcher.core.EngineExecutionOrchestrator.execute(EngineExecutionOrchestrator.java:52)
	at org.junit.platform.launcher.core.DefaultLauncher.execute(DefaultLauncher.java:114)
	at org.junit.platform.launcher.core.DefaultLauncher.execute(DefaultLauncher.java:86)
	at org.junit.platform.launcher.core.DefaultLauncherSession$DelegatingLauncher.execute(DefaultLauncherSession.java:86)
	at org.junit.platform.launcher.core.SessionPerRequestLauncher.execute(SessionPerRequestLauncher.java:53)
	at com.intellij.junit5.JUnit5IdeaTestRunner.startRunnerWithArgs(JUnit5IdeaTestRunner.java:71)
	at com.intellij.rt.junit.IdeaTestRunner$Repeater$1.execute(IdeaTestRunner.java:38)
	at com.intellij.rt.execution.junit.TestsRepeater.repeat(TestsRepeater.java:11)
	at com.intellij.rt.junit.IdeaTestRunner$Repeater.startRunnerWithArgs(IdeaTestRunner.java:35)
	at com.intellij.rt.junit.JUnitStarter.prepareStreamsAndStart(JUnitStarter.java:235)
	at com.intellij.rt.junit.JUnitStarter.main(JUnitStarter.java:54)
[2022-08-20 16:05:52] [INFO ] [OdontologoH2:78] Se esta buscando al odontologo cual matricula es: A123
[2022-08-20 16:06:06] [INFO ] [OdontologoH2:56] Se elimino el odontologo cual matricula es: A123
[2022-08-20 16:06:06] [INFO ] [OdontologoH2:35] Se guardo el Odontologo: ivan
[2022-08-20 16:06:06] [INFO ] [OdontologoH2:78] Se esta buscando al odontologo cual matricula es: A123
[2022-08-20 16:06:09] [INFO ] [OdontologoH2:56] Se elimino el odontologo cual matricula es: A123
[2022-08-20 16:06:09] [INFO ] [OdontologoH2:35] Se guardo el Odontologo: ivan
[2022-08-20 16:06:09] [INFO ] [OdontologoH2:78] Se esta buscando al odontologo cual matricula es: A123
[2022-08-20 16:06:10] [INFO ] [OdontologoH2:56] Se elimino el odontologo cual matricula es: A123
[2022-08-20 16:06:10] [INFO ] [OdontologoH2:78] Se esta buscando al odontologo cual matricula es: A123
[2022-08-20 16:06:10] [INFO ] [OdontologoH2:35] Se guardo el Odontologo: ivan
[2022-08-20 16:06:10] [INFO ] [OdontologoH2:78] Se esta buscando al odontologo cual matricula es: A123
[2022-08-20 16:06:10] [INFO ] [OdontologoH2:56] Se elimino el odontologo cual matricula es: A123
[2022-08-20 16:06:10] [INFO ] [OdontologoH2:35] Se guardo el Odontologo: ivan
[2022-08-20 16:06:10] [INFO ] [OdontologoH2:78] Se esta buscando al odontologo cual matricula es: A123
[2022-08-20 16:06:10] [INFO ] [OdontologoH2:56] Se elimino el odontologo cual matricula es: A123
[2022-08-20 16:06:10] [INFO ] [OdontologoH2:56] Se elimino el odontologo cual matricula es: B123
[2022-08-20 16:06:10] [INFO ] [OdontologoH2:56] Se elimino el odontologo cual matricula es: C123
[2022-08-20 16:06:10] [INFO ] [OdontologoH2:56] Se elimino el odontologo cual matricula es: D123
[2022-08-20 16:06:10] [INFO ] [OdontologoH2:35] Se guardo el Odontologo: ivan
[2022-08-20 16:06:10] [INFO ] [OdontologoH2:35] Se guardo el Odontologo: ivan2
[2022-08-20 16:06:10] [INFO ] [OdontologoH2:116] Se estan por mostrar todos los odontologos
[2022-08-20 20:17:47] [INFO ] [OdontologoH2:55] Se elimino el odontologo cual matricula es: A123
[2022-08-20 20:17:47] [INFO ] [OdontologoH2:34] Se guardo el Odontologo: ivan
[2022-08-20 20:17:47] [INFO ] [OdontologoH2:77] Se esta buscando al odontologo cual matricula es: A123
[2022-08-20 20:18:51] [INFO ] [OdontologoH2:55] Se elimino el odontologo cual matricula es: A123
[2022-08-20 20:18:51] [INFO ] [OdontologoH2:34] Se guardo el Odontologo: ivanmatricula:A123
[2022-08-20 20:18:51] [INFO ] [OdontologoH2:77] Se esta buscando al odontologo cual matricula es: A123
[2022-08-20 20:19:05] [INFO ] [OdontologoH2:55] Se elimino el odontologo cual matricula es: A123
[2022-08-20 20:19:05] [INFO ] [OdontologoH2:34] Se guardo el Odontologo: ivan matricula: A123
[2022-08-20 20:19:05] [INFO ] [OdontologoH2:77] Se esta buscando al odontologo cual matricula es: A123
[2022-08-20 20:42:55] [INFO ] [OdontologoH2:55] Se elimino el odontologo cual matricula es: A123
[2022-08-20 20:42:55] [INFO ] [OdontologoH2:34] Se guardo el Odontologo: ivan matricula: A123
[2022-08-20 20:42:55] [INFO ] [OdontologoH2:77] Se esta buscando al odontologo cual matricula es: A123
[2022-08-20 20:43:05] [INFO ] [OdontologoH2:55] Se elimino el odontologo cual matricula es: A123
[2022-08-20 20:43:05] [INFO ] [OdontologoH2:77] Se esta buscando al odontologo cual matricula es: A123
[2022-08-20 20:43:09] [INFO ] [OdontologoH2:55] Se elimino el odontologo cual matricula es: A123
[2022-08-20 20:43:09] [INFO ] [OdontologoH2:34] Se guardo el Odontologo: ivan matricula: A123
[2022-08-20 20:43:09] [INFO ] [OdontologoH2:77] Se esta buscando al odontologo cual matricula es: A123
[2022-08-20 20:43:13] [INFO ] [OdontologoH2:55] Se elimino el odontologo cual matricula es: A123
[2022-08-20 20:43:13] [INFO ] [OdontologoH2:55] Se elimino el odontologo cual matricula es: B123
[2022-08-20 20:43:13] [INFO ] [OdontologoH2:55] Se elimino el odontologo cual matricula es: C123
[2022-08-20 20:43:13] [INFO ] [OdontologoH2:55] Se elimino el odontologo cual matricula es: D123
[2022-08-20 20:43:13] [INFO ] [OdontologoH2:34] Se guardo el Odontologo: ivan matricula: C123
[2022-08-20 20:43:13] [INFO ] [OdontologoH2:34] Se guardo el Odontologo: ivan2 matricula: D123
[2022-08-20 20:43:13] [INFO ] [OdontologoH2:115] Se estan por mostrar todos los odontologos
[2022-08-20 20:43:18] [INFO ] [OdontologoH2:34] Se guardo el Odontologo: ivan matricula: A123
[2022-08-20 20:43:18] [INFO ] [OdontologoH2:77] Se esta buscando al odontologo cual matricula es: A123
[2022-08-20 23:24:42] [INFO ] [OdontologoH2:53] Se elimino el odontologo cual matricula es: A123
[2022-08-20 23:24:42] [INFO ] [OdontologoH2:75] Se esta buscando al odontologo cual matricula es: A123
[2022-08-20 23:24:42] [INFO ] [OdontologoH2:32] Se guardo el Odontologo: ivan matricula: A123
[2022-08-20 23:24:42] [INFO ] [OdontologoH2:75] Se esta buscando al odontologo cual matricula es: A123
[2022-08-20 23:24:42] [INFO ] [OdontologoH2:53] Se elimino el odontologo cual matricula es: A123
[2022-08-20 23:24:42] [INFO ] [OdontologoH2:32] Se guardo el Odontologo: ivan matricula: A123
[2022-08-20 23:24:42] [INFO ] [OdontologoH2:75] Se esta buscando al odontologo cual matricula es: A123
[2022-08-20 23:24:42] [INFO ] [OdontologoH2:53] Se elimino el odontologo cual matricula es: A123
[2022-08-20 23:24:42] [INFO ] [OdontologoH2:53] Se elimino el odontologo cual matricula es: B123
[2022-08-20 23:24:42] [INFO ] [OdontologoH2:53] Se elimino el odontologo cual matricula es: C123
[2022-08-20 23:24:42] [INFO ] [OdontologoH2:53] Se elimino el odontologo cual matricula es: D123
[2022-08-20 23:24:42] [INFO ] [OdontologoH2:32] Se guardo el Odontologo: ivan matricula: C123
[2022-08-20 23:24:42] [INFO ] [OdontologoH2:32] Se guardo el Odontologo: ivan2 matricula: D123
[2022-08-20 23:24:42] [INFO ] [OdontologoH2:113] Se estan por mostrar todos los odontologos
[2022-08-23 21:26:17] [INFO ] [OdontologoH2:53] Se elimino el odontologo cual matricula es: A123
[2022-08-23 21:26:17] [INFO ] [OdontologoH2:75] Se esta buscando al odontologo cual matricula es: A123
[2022-08-23 21:26:17] [INFO ] [OdontologoH2:32] Se guardo el Odontologo: ivan matricula: A123
[2022-08-23 21:26:17] [INFO ] [OdontologoH2:75] Se esta buscando al odontologo cual matricula es: A123
[2022-08-23 21:26:17] [INFO ] [OdontologoH2:53] Se elimino el odontologo cual matricula es: A123
[2022-08-23 21:26:17] [INFO ] [OdontologoH2:32] Se guardo el Odontologo: ivan matricula: A123
[2022-08-23 21:26:17] [INFO ] [OdontologoH2:75] Se esta buscando al odontologo cual matricula es: A123
[2022-08-23 21:26:17] [INFO ] [OdontologoH2:53] Se elimino el odontologo cual matricula es: A123
[2022-08-23 21:26:17] [INFO ] [OdontologoH2:53] Se elimino el odontologo cual matricula es: B123
[2022-08-23 21:26:17] [INFO ] [OdontologoH2:53] Se elimino el odontologo cual matricula es: C123
[2022-08-23 21:26:17] [INFO ] [OdontologoH2:53] Se elimino el odontologo cual matricula es: D123
[2022-08-23 21:26:17] [INFO ] [OdontologoH2:32] Se guardo el Odontologo: ivan matricula: C123
[2022-08-23 21:26:17] [INFO ] [OdontologoH2:32] Se guardo el Odontologo: ivan2 matricula: D123
[2022-08-23 21:26:17] [INFO ] [OdontologoH2:113] Se estan por mostrar todos los odontologos
[2022-08-24 20:52:43] [INFO ] [OdontologoH2:53] Se elimino el odontologo cual matricula es: A123
[2022-08-24 20:52:43] [INFO ] [OdontologoH2:32] Se guardo el Odontologo: ivan matricula: A123
[2022-08-24 20:52:43] [INFO ] [OdontologoH2:75] Se esta buscando al odontologo cual matricula es: A123
[2022-08-24 20:54:10] [INFO ] [OdontologoH2:53] Se elimino el odontologo cual matricula es: A123
[2022-08-24 20:54:10] [INFO ] [OdontologoH2:75] Se esta buscando al odontologo cual matricula es: A123
[2022-08-24 20:54:10] [INFO ] [OdontologoH2:32] Se guardo el Odontologo: ivan matricula: A123
[2022-08-24 20:54:10] [INFO ] [OdontologoH2:75] Se esta buscando al odontologo cual matricula es: A123
[2022-08-24 20:54:10] [INFO ] [OdontologoH2:53] Se elimino el odontologo cual matricula es: A123
[2022-08-24 20:54:10] [INFO ] [OdontologoH2:32] Se guardo el Odontologo: ivan matricula: A123
[2022-08-24 20:54:10] [INFO ] [OdontologoH2:75] Se esta buscando al odontologo cual matricula es: A123
[2022-08-24 20:54:10] [INFO ] [OdontologoH2:53] Se elimino el odontologo cual matricula es: A123
[2022-08-24 20:54:10] [INFO ] [OdontologoH2:53] Se elimino el odontologo cual matricula es: B123
[2022-08-24 20:54:10] [INFO ] [OdontologoH2:53] Se elimino el odontologo cual matricula es: C123
[2022-08-24 20:54:10] [INFO ] [OdontologoH2:53] Se elimino el odontologo cual matricula es: D123
[2022-08-24 20:54:10] [INFO ] [OdontologoH2:32] Se guardo el Odontologo: ivan matricula: C123
[2022-08-24 20:54:10] [INFO ] [OdontologoH2:32] Se guardo el Odontologo: ivan2 matricula: D123
[2022-08-24 20:54:10] [INFO ] [OdontologoH2:113] Se estan por mostrar todos los odontologos
